<component name="libraryTable">
  <library name="junit-platform-console-standalone-1.11.32">
    <CLASSES>
      <root url="jar://$PROJECT_DIR$/IMDB Graph Search/out/production/IMDB Graph Search/lib/junit-platform-console-standalone-1.11.3.jar!/" />
    </CLASSES>
    <JAVADOC />
    <SOURCES />
  </library>
</component>